d:\programming\cg\opengl-starter\opengl-render\x64\debug\vc143.pdb
d:\programming\cg\opengl-starter\opengl-render\x64\debug\vc143.idb
d:\programming\cg\opengl-starter\opengl-render\x64\debug\4.2stencil.obj
d:\programming\cg\opengl-starter\opengl-render\x64\debug\glad.obj
d:\programming\cg\opengl-starter\opengl-render\x64\debug\4.10instancing.obj
d:\programming\cg\opengl-starter\opengl-render\x64\debug\4.10instancingexample.obj
d:\programming\cg\opengl-starter\opengl-render\x64\debug\opengl-render.exe
d:\programming\cg\opengl-starter\opengl-render\x64\debug\opengl-render.ilk
d:\programming\cg\opengl-starter\opengl-render\x64\debug\opengl-render.pdb
d:\programming\cg\opengl-starter\opengl-render\x64\debug\3.1.model.obj
d:\programming\cg\opengl-starter\opengl-render\x64\debug\4.1depthtesting.obj
d:\programming\cg\opengl-starter\opengl-render\x64\debug\4.3stenci.obj
d:\programming\cg\opengl-starter\opengl-render\x64\debug\4.4culling.obj
d:\programming\cg\opengl-starter\opengl-render\x64\debug\4.5framebuffer.obj
d:\programming\cg\opengl-starter\opengl-render\x64\debug\4.6cubemap.obj
d:\programming\cg\opengl-starter\opengl-render\x64\debug\4.8advancedglsl.obj
d:\programming\cg\opengl-starter\opengl-render\x64\debug\4.8geometryshader.obj
d:\programming\cg\opengl-starter\opengl-render\x64\debug\loadtex.obj
d:\programming\cg\opengl-starter\opengl-render\x64\debug\stb_image.obj
d:\programming\cg\opengl-starter\opengl-render\x64\debug\opengl-render.tlog\cl.command.1.tlog
d:\programming\cg\opengl-starter\opengl-render\x64\debug\opengl-render.tlog\cl.read.1.tlog
d:\programming\cg\opengl-starter\opengl-render\x64\debug\opengl-render.tlog\cl.write.1.tlog
d:\programming\cg\opengl-starter\opengl-render\x64\debug\opengl-render.tlog\link.command.1.tlog
d:\programming\cg\opengl-starter\opengl-render\x64\debug\opengl-render.tlog\link.read.1.tlog
d:\programming\cg\opengl-starter\opengl-render\x64\debug\opengl-render.tlog\link.write.1.tlog
